<html>
<body>
<pre>
<h1>Vision Build Log</h1>
<h2>Project:</h2>
E:\MCUcode\UCOS-II-MDK4\Project\project.uvproj
Project File Date:  06/26/2018

<h2>Output:</h2>
Build target 'PROJECT'
compiling bsp.c...
..\BSP\..\App\..\BSP\..\BSP\ultrasonic\ultrasonic.h(26): warning:  #1-D: last line of file ends without a newline
..\BSP\..\App\..\BSP\..\BSP\ultrasonic\ultrasonic.h:   #endif /* __ULTRASONIC_H */
..\BSP\..\App\..\BSP\..\BSP\ultrasonic\ultrasonic.h:                              ^
..\BSP\..\App\..\BSP\..\BSP\ultrasonic\ultrasonic.h: ..\BSP\bsp.c: 1 warning, 0 errors
compiling bsp_int.c...
..\BSP\..\App\..\BSP\..\BSP\ultrasonic\ultrasonic.h(26): warning:  #1-D: last line of file ends without a newline
..\BSP\..\App\..\BSP\..\BSP\ultrasonic\ultrasonic.h:   #endif /* __ULTRASONIC_H */
..\BSP\..\App\..\BSP\..\BSP\ultrasonic\ultrasonic.h:                              ^
..\BSP\..\App\..\BSP\..\BSP\ultrasonic\ultrasonic.h: ..\BSP\bsp_int.c: 1 warning, 0 errors
compiling usart.c...
..\BSP\usart\..\..\APP\..\BSP\..\BSP\ultrasonic\ultrasonic.h(26): warning:  #1-D: last line of file ends without a newline
..\BSP\usart\..\..\APP\..\BSP\..\BSP\ultrasonic\ultrasonic.h:   #endif /* __ULTRASONIC_H */
..\BSP\usart\..\..\APP\..\BSP\..\BSP\ultrasonic\ultrasonic.h:                              ^
..\BSP\usart\..\..\APP\..\BSP\..\BSP\ultrasonic\ultrasonic.h: ..\BSP\usart\usart.c: 1 warning, 0 errors
compiling sysTick.c...
..\BSP\sysTick\..\..\APP\..\BSP\..\BSP\ultrasonic\ultrasonic.h(26): warning:  #1-D: last line of file ends without a newline
..\BSP\sysTick\..\..\APP\..\BSP\..\BSP\ultrasonic\ultrasonic.h:   #endif /* __ULTRASONIC_H */
..\BSP\sysTick\..\..\APP\..\BSP\..\BSP\ultrasonic\ultrasonic.h:                              ^
..\BSP\sysTick\sysTick.c(31): warning:  #68-D: integer conversion resulted in a change of sign
..\BSP\sysTick\sysTick.c:       SysTick_NVIC_InitStructure.NVIC_IRQChannel = SysTick_IRQn;
..\BSP\sysTick\sysTick.c:                                                    ^
..\BSP\sysTick\sysTick.c: ..\BSP\sysTick\sysTick.c: 2 warnings, 0 errors
compiling i2c.c...
..\BSP\I2C\..\..\APP\..\BSP\..\BSP\ultrasonic\ultrasonic.h(26): warning:  #1-D: last line of file ends without a newline
..\BSP\I2C\..\..\APP\..\BSP\..\BSP\ultrasonic\ultrasonic.h:   #endif /* __ULTRASONIC_H */
..\BSP\I2C\..\..\APP\..\BSP\..\BSP\ultrasonic\ultrasonic.h:                              ^
..\BSP\I2C\..\..\APP\..\BSP\..\BSP\ultrasonic\ultrasonic.h: ..\BSP\I2C\i2c.c: 1 warning, 0 errors
compiling ultrasonic.c...
..\BSP\ultrasonic\ultrasonic.c(14): error:  #5: cannot open source input file "Include.h": No such file or directory
..\BSP\ultrasonic\ultrasonic.c:   #include "Include.h"
..\BSP\ultrasonic\ultrasonic.c:                       ^
..\BSP\ultrasonic\ultrasonic.c: ..\BSP\ultrasonic\ultrasonic.c: 0 warnings, 1 error
compiling TIM4.c...
..\BSP\timer\..\..\APP\..\BSP\..\BSP\ultrasonic\ultrasonic.h(26): warning:  #1-D: last line of file ends without a newline
..\BSP\timer\..\..\APP\..\BSP\..\BSP\ultrasonic\ultrasonic.h:   #endif /* __ULTRASONIC_H */
..\BSP\timer\..\..\APP\..\BSP\..\BSP\ultrasonic\ultrasonic.h:                              ^
..\BSP\timer\..\..\APP\..\BSP\..\BSP\ultrasonic\ultrasonic.h: ..\BSP\timer\TIM4.c: 1 warning, 0 errors
compiling app.c...
..\APP\..\APP\..\BSP\..\BSP\ultrasonic\ultrasonic.h(26): warning:  #1-D: last line of file ends without a newline
..\APP\..\APP\..\BSP\..\BSP\ultrasonic\ultrasonic.h:   #endif /* __ULTRASONIC_H */
..\APP\..\APP\..\BSP\..\BSP\ultrasonic\ultrasonic.h:                              ^
..\APP\..\APP\..\BSP\..\BSP\ultrasonic\ultrasonic.h: ..\APP\app.c: 1 warning, 0 errors
compiling stm32f10x_it.c...
..\APP\..\BSP\..\BSP\ultrasonic\ultrasonic.h(26): warning:  #1-D: last line of file ends without a newline
..\APP\..\BSP\..\BSP\ultrasonic\ultrasonic.h:   #endif /* __ULTRASONIC_H */
..\APP\..\BSP\..\BSP\ultrasonic\ultrasonic.h:                              ^
..\APP\stm32f10x_it.c(224): error:  #20: identifier "return_flag" is undefined
..\APP\stm32f10x_it.c:                 if((return_flag==1)&&(GPIO_ReadInputDataBit(GPIOC,GPIO_Pin_7)==1))
..\APP\stm32f10x_it.c:                     ^
..\APP\stm32f10x_it.c(236): error:  #20: identifier "TIM" is undefined
..\APP\stm32f10x_it.c:                      TIM=TIM_GetCounter(TIM6);//获取计TIM1数寄存器中的计数值
..\APP\stm32f10x_it.c:                      ^
..\APP\stm32f10x_it.c: ..\APP\stm32f10x_it.c: 1 warning, 2 errors
Target not created
Build target 'PROJECT'
compiling ultrasonic.c...
..\BSP\ultrasonic\ultrasonic.c(14): error:  #5: cannot open source input file "Include.h": No such file or directory
..\BSP\ultrasonic\ultrasonic.c:   #include "Include.h"
..\BSP\ultrasonic\ultrasonic.c:                       ^
..\BSP\ultrasonic\ultrasonic.c: ..\BSP\ultrasonic\ultrasonic.c: 0 warnings, 1 error
compiling stm32f10x_it.c...
..\APP\..\BSP\..\BSP\ultrasonic\ultrasonic.h(26): warning:  #1-D: last line of file ends without a newline
..\APP\..\BSP\..\BSP\ultrasonic\ultrasonic.h:   #endif /* __ULTRASONIC_H */
..\APP\..\BSP\..\BSP\ultrasonic\ultrasonic.h:                              ^
..\APP\..\BSP\..\BSP\ultrasonic\ultrasonic.h: ..\APP\stm32f10x_it.c: 1 warning, 0 errors
Target not created
Build target 'PROJECT'
compiling ultrasonic.c...
..\BSP\ultrasonic\ultrasonic.c(19): error:  #20: identifier "u16" is undefined
..\BSP\ultrasonic\ultrasonic.c:   u16 TIM=0;
..\BSP\ultrasonic\ultrasonic.c:   ^
..\BSP\ultrasonic\ultrasonic.c(45): error:  #20: identifier "GPIO_InitTypeDef" is undefined
..\BSP\ultrasonic\ultrasonic.c:         GPIO_InitTypeDef GPIO_InitStructure;  
..\BSP\ultrasonic\ultrasonic.c:         ^
..\BSP\ultrasonic\ultrasonic.c(46): warning:  #223-D: function "RCC_APB2PeriphClockCmd" declared implicitly
..\BSP\ultrasonic\ultrasonic.c:         RCC_APB2PeriphClockCmd(RCC_APB2Periph_GPIOC, ENABLE);
..\BSP\ultrasonic\ultrasonic.c:         ^
..\BSP\ultrasonic\ultrasonic.c(46): error:  #20: identifier "RCC_APB2Periph_GPIOC" is undefined
..\BSP\ultrasonic\ultrasonic.c:         RCC_APB2PeriphClockCmd(RCC_APB2Periph_GPIOC, ENABLE);
..\BSP\ultrasonic\ultrasonic.c:                                ^
..\BSP\ultrasonic\ultrasonic.c(46): error:  #20: identifier "ENABLE" is undefined
..\BSP\ultrasonic\ultrasonic.c:         RCC_APB2PeriphClockCmd(RCC_APB2Periph_GPIOC, ENABLE);
..\BSP\ultrasonic\ultrasonic.c:                                                      ^
..\BSP\ultrasonic\ultrasonic.c(49): error:  #20: identifier "GPIO_Pin_8" is undefined
..\BSP\ultrasonic\ultrasonic.c:         GPIO_InitStructure.GPIO_Pin = GPIO_Pin_8;       
..\BSP\ultrasonic\ultrasonic.c:                                       ^
..\BSP\ultrasonic\ultrasonic.c(50): error:  #20: identifier "GPIO_Mode_Out_PP" is undefined
..\BSP\ultrasonic\ultrasonic.c:         GPIO_InitStructure.GPIO_Mode = GPIO_Mode_Out_PP;//输出模式
..\BSP\ultrasonic\ultrasonic.c:                                        ^
..\BSP\ultrasonic\ultrasonic.c(51): error:  #20: identifier "GPIO_Speed_50MHz" is undefined
..\BSP\ultrasonic\ultrasonic.c:         GPIO_InitStructure.GPIO_Speed = GPIO_Speed_50MHz;
..\BSP\ultrasonic\ultrasonic.c:                                         ^
..\BSP\ultrasonic\ultrasonic.c(52): warning:  #223-D: function "GPIO_Init" declared implicitly
..\BSP\ultrasonic\ultrasonic.c:         GPIO_Init(GPIOC, &GPIO_InitStructure);
..\BSP\ultrasonic\ultrasonic.c:         ^
..\BSP\ultrasonic\ultrasonic.c(52): error:  #20: identifier "GPIOC" is undefined
..\BSP\ultrasonic\ultrasonic.c:         GPIO_Init(GPIOC, &GPIO_InitStructure);
..\BSP\ultrasonic\ultrasonic.c:                   ^
..\BSP\ultrasonic\ultrasonic.c(53): warning:  #223-D: function "GPIO_ResetBits" declared implicitly
..\BSP\ultrasonic\ultrasonic.c:         GPIO_ResetBits(GPIOC,GPIO_Pin_8);
..\BSP\ultrasonic\ultrasonic.c:         ^
..\BSP\ultrasonic\ultrasonic.c(55): error:  #268: declaration may not appear after executable statement in block
..\BSP\ultrasonic\ultrasonic.c:         EXTI_InitTypeDef EXTI_InitStructure;            //定义一个中断结构体变量
..\BSP\ultrasonic\ultrasonic.c:         ^
..\BSP\ultrasonic\ultrasonic.c(55): error:  #20: identifier "EXTI_InitTypeDef" is undefined
..\BSP\ultrasonic\ultrasonic.c:         EXTI_InitTypeDef EXTI_InitStructure;            //定义一个中断结构体变量
..\BSP\ultrasonic\ultrasonic.c:         ^
..\BSP\ultrasonic\ultrasonic.c(56): error:  #20: identifier "RCC_APB2Periph_AFIO" is undefined
..\BSP\ultrasonic\ultrasonic.c:         RCC_APB2PeriphClockCmd(RCC_APB2Periph_GPIOC | RCC_APB2Periph_AFIO, ENABLE);
..\BSP\ultrasonic\ultrasonic.c:                                                       ^
..\BSP\ultrasonic\ultrasonic.c(57): error:  #20: identifier "GPIO_Pin_7" is undefined
..\BSP\ultrasonic\ultrasonic.c:         GPIO_InitStructure.GPIO_Pin = GPIO_Pin_7;
..\BSP\ultrasonic\ultrasonic.c:                                       ^
..\BSP\ultrasonic\ultrasonic.c(59): error:  #20: identifier "GPIO_Mode_IPU" is undefined
..\BSP\ultrasonic\ultrasonic.c:         GPIO_InitStructure.GPIO_Mode = GPIO_Mode_IPU;
..\BSP\ultrasonic\ultrasonic.c:                                        ^
..\BSP\ultrasonic\ultrasonic.c(63): warning:  #223-D: function "GPIO_EXTILineConfig" declared implicitly
..\BSP\ultrasonic\ultrasonic.c:         GPIO_EXTILineConfig(GPIO_PortSourceGPIOC, GPIO_PinSource7);     //PB7设为中断输入引脚
..\BSP\ultrasonic\ultrasonic.c:         ^
..\BSP\ultrasonic\ultrasonic.c(63): error:  #20: identifier "GPIO_PortSourceGPIOC" is undefined
..\BSP\ultrasonic\ultrasonic.c:         GPIO_EXTILineConfig(GPIO_PortSourceGPIOC, GPIO_PinSource7);     //PB7设为中断输入引脚
..\BSP\ultrasonic\ultrasonic.c:                             ^
..\BSP\ultrasonic\ultrasonic.c(63): error:  #20: identifier "GPIO_PinSource7" is undefined
..\BSP\ultrasonic\ultrasonic.c:         GPIO_EXTILineConfig(GPIO_PortSourceGPIOC, GPIO_PinSource7);     //PB7设为中断输入引脚
..\BSP\ultrasonic\ultrasonic.c:                                                   ^
..\BSP\ultrasonic\ultrasonic.c(64): error:  #20: identifier "EXTI_Mode_Interrupt" is undefined
..\BSP\ultrasonic\ultrasonic.c:         EXTI_InitStructure.EXTI_Mode = EXTI_Mode_Interrupt;             //设置为中断模式
..\BSP\ultrasonic\ultrasonic.c:                                        ^
..\BSP\ultrasonic\ultrasonic.c(65): error:  #20: identifier "EXTI_Line7" is undefined
..\BSP\ultrasonic\ultrasonic.c:         EXTI_InitStructure.EXTI_Line = EXTI_Line7;      //中断线7
..\BSP\ultrasonic\ultrasonic.c:                                        ^
..\BSP\ultrasonic\ultrasonic.c(66): error:  #20: identifier "EXTI_Trigger_Rising_Falling" is undefined
..\BSP\ultrasonic\ultrasonic.c:         EXTI_InitStructure.EXTI_Trigger = EXTI_Trigger_Rising_Falling;  //设置为下降沿触发方式
..\BSP\ultrasonic\ultrasonic.c:                                           ^
..\BSP\ultrasonic\ultrasonic.c(68): warning:  #223-D: function "EXTI_Init" declared implicitly
..\BSP\ultrasonic\ultrasonic.c:         EXTI_Init(&EXTI_InitStructure);                 //配置中断
..\BSP\ultrasonic\ultrasonic.c:         ^
..\BSP\ultrasonic\ultrasonic.c(69): warning:  #223-D: function "EXTI_ClearITPendingBit" declared implicitly
..\BSP\ultrasonic\ultrasonic.c:         EXTI_ClearITPendingBit(EXTI_Line0);//清除中断标志
..\BSP\ultrasonic\ultrasonic.c:         ^
..\BSP\ultrasonic\ultrasonic.c(69): error:  #20: identifier "EXTI_Line0" is undefined
..\BSP\ultrasonic\ultrasonic.c:         EXTI_ClearITPendingBit(EXTI_Line0);//清除中断标志
..\BSP\ultrasonic\ultrasonic.c:                                ^
..\BSP\ultrasonic\ultrasonic.c(72): error:  #268: declaration may not appear after executable statement in block
..\BSP\ultrasonic\ultrasonic.c:         NVIC_InitTypeDef NVIC_InitStructure;
..\BSP\ultrasonic\ultrasonic.c:         ^
..\BSP\ultrasonic\ultrasonic.c(72): error:  #20: identifier "NVIC_InitTypeDef" is undefined
..\BSP\ultrasonic\ultrasonic.c:         NVIC_InitTypeDef NVIC_InitStructure;
..\BSP\ultrasonic\ultrasonic.c:         ^
..\BSP\ultrasonic\ultrasonic.c(73): error:  #20: identifier "EXTI9_5_IRQn" is undefined
..\BSP\ultrasonic\ultrasonic.c:         NVIC_InitStructure.NVIC_IRQChannel = EXTI9_5_IRQn;
..\BSP\ultrasonic\ultrasonic.c:                                              ^
..\BSP\ultrasonic\ultrasonic.c(77): warning:  #223-D: function "NVIC_Init" declared implicitly
..\BSP\ultrasonic\ultrasonic.c:         NVIC_Init(&NVIC_InitStructure);
..\BSP\ultrasonic\ultrasonic.c:         ^
..\BSP\ultrasonic\ultrasonic.c(89): error:  #20: identifier "TIM_TimeBaseInitTypeDef" is undefined
..\BSP\ultrasonic\ultrasonic.c:    TIM_TimeBaseInitTypeDef  TIM_TimeBaseStructure;  
..\BSP\ultrasonic\ultrasonic.c:    ^
..\BSP\ultrasonic\ultrasonic.c(91): warning:  #223-D: function "RCC_APB1PeriphClockCmd" declared implicitly
..\BSP\ultrasonic\ultrasonic.c:     RCC_APB1PeriphClockCmd(RCC_APB1Periph_TIM6, ENABLE); //时钟使能  
..\BSP\ultrasonic\ultrasonic.c:     ^
..\BSP\ultrasonic\ultrasonic.c(91): error:  #20: identifier "RCC_APB1Periph_TIM6" is undefined
..\BSP\ultrasonic\ultrasonic.c:     RCC_APB1PeriphClockCmd(RCC_APB1Periph_TIM6, ENABLE); //时钟使能  
..\BSP\ultrasonic\ultrasonic.c:                            ^
..\BSP\ultrasonic\ultrasonic.c(91): error:  #20: identifier "ENABLE" is undefined
..\BSP\ultrasonic\ultrasonic.c:     RCC_APB1PeriphClockCmd(RCC_APB1Periph_TIM6, ENABLE); //时钟使能  
..\BSP\ultrasonic\ultrasonic.c:                                                 ^
..\BSP\ultrasonic\ultrasonic.c(96): error:  #20: identifier "TIM_CounterMode_Up" is undefined
..\BSP\ultrasonic\ultrasonic.c:     TIM_TimeBaseStructure.TIM_CounterMode = TIM_CounterMode_Up;//向上计数模式  
..\BSP\ultrasonic\ultrasonic.c:                                             ^
..\BSP\ultrasonic\ultrasonic.c(98): warning:  #223-D: function "TIM_TimeBaseInit" declared implicitly
..\BSP\ultrasonic\ultrasonic.c:     TIM_TimeBaseInit(TIM6, &TIM_TimeBaseStructure); //参数初始化  
..\BSP\ultrasonic\ultrasonic.c:     ^
..\BSP\ultrasonic\ultrasonic.c(98): error:  #20: identifier "TIM6" is undefined
..\BSP\ultrasonic\ultrasonic.c:     TIM_TimeBaseInit(TIM6, &TIM_TimeBaseStructure); //参数初始化  
..\BSP\ultrasonic\ultrasonic.c:                      ^
..\BSP\ultrasonic\ultrasonic.c(117): warning:  #223-D: function "sqrt" declared implicitly
..\BSP\ultrasonic\ultrasonic.c:     text=(float)sqrt((TIM/10.0*17)*(TIM/10.0*17)-module_interval*module_interval/4.0)+12.0; //12.0为误差补偿//根据计数值算出单次测距距离
..\BSP\ultrasonic\ultrasonic.c:                 ^
..\BSP\ultrasonic\ultrasonic.c(117): error:  #20: identifier "module_interval" is undefined
..\BSP\ultrasonic\ultrasonic.c:     text=(float)sqrt((TIM/10.0*17)*(TIM/10.0*17)-module_interval*module_interval/4.0)+12.0; //12.0为误差补偿//根据计数值算出单次测距距离
..\BSP\ultrasonic\ultrasonic.c:                                                  ^
..\BSP\ultrasonic\ultrasonic.c(147): warning:  #223-D: function "GPIO_SetBits" declared implicitly
..\BSP\ultrasonic\ultrasonic.c:     GPIO_SetBits(GPIOC,GPIO_Pin_8);//拉高信号，作为触发信号
..\BSP\ultrasonic\ultrasonic.c:     ^
..\BSP\ultrasonic\ultrasonic.c(147): error:  #20: identifier "GPIOC" is undefined
..\BSP\ultrasonic\ultrasonic.c:     GPIO_SetBits(GPIOC,GPIO_Pin_8);//拉高信号，作为触发信号
..\BSP\ultrasonic\ultrasonic.c:                  ^
..\BSP\ultrasonic\ultrasonic.c(147): error:  #20: identifier "GPIO_Pin_8" is undefined
..\BSP\ultrasonic\ultrasonic.c:     GPIO_SetBits(GPIOC,GPIO_Pin_8);//拉高信号，作为触发信号
..\BSP\ultrasonic\ultrasonic.c:                        ^
..\BSP\ultrasonic\ultrasonic.c: ..\BSP\ultrasonic\ultrasonic.c: 11 warnings, 30 errors
Target not created
Build target 'PROJECT'
compiling ultrasonic.c...
..\BSP\ultrasonic\ultrasonic.c(19): error:  #20: identifier "u16" is undefined
..\BSP\ultrasonic\ultrasonic.c:   u16 TIM=0;
..\BSP\ultrasonic\ultrasonic.c:   ^
..\BSP\ultrasonic\ultrasonic.c(45): error:  #20: identifier "GPIO_InitTypeDef" is undefined
..\BSP\ultrasonic\ultrasonic.c:         GPIO_InitTypeDef GPIO_InitStructure;  
..\BSP\ultrasonic\ultrasonic.c:         ^
..\BSP\ultrasonic\ultrasonic.c(46): warning:  #223-D: function "RCC_APB2PeriphClockCmd" declared implicitly
..\BSP\ultrasonic\ultrasonic.c:         RCC_APB2PeriphClockCmd(RCC_APB2Periph_GPIOB, ENABLE);
..\BSP\ultrasonic\ultrasonic.c:         ^
..\BSP\ultrasonic\ultrasonic.c(46): error:  #20: identifier "RCC_APB2Periph_GPIOB" is undefined
..\BSP\ultrasonic\ultrasonic.c:         RCC_APB2PeriphClockCmd(RCC_APB2Periph_GPIOB, ENABLE);
..\BSP\ultrasonic\ultrasonic.c:                                ^
..\BSP\ultrasonic\ultrasonic.c(46): error:  #20: identifier "ENABLE" is undefined
..\BSP\ultrasonic\ultrasonic.c:         RCC_APB2PeriphClockCmd(RCC_APB2Periph_GPIOB, ENABLE);
..\BSP\ultrasonic\ultrasonic.c:                                                      ^
..\BSP\ultrasonic\ultrasonic.c(49): error:  #20: identifier "GPIO_Pin_5" is undefined
..\BSP\ultrasonic\ultrasonic.c:         GPIO_InitStructure.GPIO_Pin = GPIO_Pin_5;       
..\BSP\ultrasonic\ultrasonic.c:                                       ^
..\BSP\ultrasonic\ultrasonic.c(50): error:  #20: identifier "GPIO_Mode_Out_PP" is undefined
..\BSP\ultrasonic\ultrasonic.c:         GPIO_InitStructure.GPIO_Mode = GPIO_Mode_Out_PP;//输出模式
..\BSP\ultrasonic\ultrasonic.c:                                        ^
..\BSP\ultrasonic\ultrasonic.c(51): error:  #20: identifier "GPIO_Speed_50MHz" is undefined
..\BSP\ultrasonic\ultrasonic.c:         GPIO_InitStructure.GPIO_Speed = GPIO_Speed_50MHz;
..\BSP\ultrasonic\ultrasonic.c:                                         ^
..\BSP\ultrasonic\ultrasonic.c(52): warning:  #223-D: function "GPIO_Init" declared implicitly
..\BSP\ultrasonic\ultrasonic.c:         GPIO_Init(GPIOB, &GPIO_InitStructure);
..\BSP\ultrasonic\ultrasonic.c:         ^
..\BSP\ultrasonic\ultrasonic.c(52): error:  #20: identifier "GPIOB" is undefined
..\BSP\ultrasonic\ultrasonic.c:         GPIO_Init(GPIOB, &GPIO_InitStructure);
..\BSP\ultrasonic\ultrasonic.c:                   ^
..\BSP\ultrasonic\ultrasonic.c(53): warning:  #223-D: function "GPIO_ResetBits" declared implicitly
..\BSP\ultrasonic\ultrasonic.c:         GPIO_ResetBits(GPIOB,GPIO_Pin_5);
..\BSP\ultrasonic\ultrasonic.c:         ^
..\BSP\ultrasonic\ultrasonic.c(55): error:  #268: declaration may not appear after executable statement in block
..\BSP\ultrasonic\ultrasonic.c:         EXTI_InitTypeDef EXTI_InitStructure;            //定义一个中断结构体变量
..\BSP\ultrasonic\ultrasonic.c:         ^
..\BSP\ultrasonic\ultrasonic.c(55): error:  #20: identifier "EXTI_InitTypeDef" is undefined
..\BSP\ultrasonic\ultrasonic.c:         EXTI_InitTypeDef EXTI_InitStructure;            //定义一个中断结构体变量
..\BSP\ultrasonic\ultrasonic.c:         ^
..\BSP\ultrasonic\ultrasonic.c(56): error:  #20: identifier "RCC_APB2Periph_AFIO" is undefined
..\BSP\ultrasonic\ultrasonic.c:         RCC_APB2PeriphClockCmd(RCC_APB2Periph_GPIOB | RCC_APB2Periph_AFIO, ENABLE);
..\BSP\ultrasonic\ultrasonic.c:                                                       ^
..\BSP\ultrasonic\ultrasonic.c(57): error:  #20: identifier "GPIO_Pin_6" is undefined
..\BSP\ultrasonic\ultrasonic.c:         GPIO_InitStructure.GPIO_Pin = GPIO_Pin_6;
..\BSP\ultrasonic\ultrasonic.c:                                       ^
..\BSP\ultrasonic\ultrasonic.c(59): error:  #20: identifier "GPIO_Mode_IPU" is undefined
..\BSP\ultrasonic\ultrasonic.c:         GPIO_InitStructure.GPIO_Mode = GPIO_Mode_IPU;
..\BSP\ultrasonic\ultrasonic.c:                                        ^
..\BSP\ultrasonic\ultrasonic.c(63): warning:  #223-D: function "GPIO_EXTILineConfig" declared implicitly
..\BSP\ultrasonic\ultrasonic.c:         GPIO_EXTILineConfig(GPIO_PortSourceGPIOB, GPIO_PinSource6);     //PB7设为中断输入引脚
..\BSP\ultrasonic\ultrasonic.c:         ^
..\BSP\ultrasonic\ultrasonic.c(63): error:  #20: identifier "GPIO_PortSourceGPIOB" is undefined
..\BSP\ultrasonic\ultrasonic.c:         GPIO_EXTILineConfig(GPIO_PortSourceGPIOB, GPIO_PinSource6);     //PB7设为中断输入引脚
..\BSP\ultrasonic\ultrasonic.c:                             ^
..\BSP\ultrasonic\ultrasonic.c(63): error:  #20: identifier "GPIO_PinSource6" is undefined
..\BSP\ultrasonic\ultrasonic.c:         GPIO_EXTILineConfig(GPIO_PortSourceGPIOB, GPIO_PinSource6);     //PB7设为中断输入引脚
..\BSP\ultrasonic\ultrasonic.c:                                                   ^
..\BSP\ultrasonic\ultrasonic.c(64): error:  #20: identifier "EXTI_Mode_Interrupt" is undefined
..\BSP\ultrasonic\ultrasonic.c:         EXTI_InitStructure.EXTI_Mode = EXTI_Mode_Interrupt;             //设置为中断模式
..\BSP\ultrasonic\ultrasonic.c:                                        ^
..\BSP\ultrasonic\ultrasonic.c(65): error:  #20: identifier "EXTI_Line6" is undefined
..\BSP\ultrasonic\ultrasonic.c:         EXTI_InitStructure.EXTI_Line = EXTI_Line6;      //中断线7
..\BSP\ultrasonic\ultrasonic.c:                                        ^
..\BSP\ultrasonic\ultrasonic.c(66): error:  #20: identifier "EXTI_Trigger_Rising_Falling" is undefined
..\BSP\ultrasonic\ultrasonic.c:         EXTI_InitStructure.EXTI_Trigger = EXTI_Trigger_Rising_Falling;  //设置为下降沿触发方式
..\BSP\ultrasonic\ultrasonic.c:                                           ^
..\BSP\ultrasonic\ultrasonic.c(68): warning:  #223-D: function "EXTI_Init" declared implicitly
..\BSP\ultrasonic\ultrasonic.c:         EXTI_Init(&EXTI_InitStructure);                 //配置中断
..\BSP\ultrasonic\ultrasonic.c:         ^
..\BSP\ultrasonic\ultrasonic.c(69): warning:  #223-D: function "EXTI_ClearITPendingBit" declared implicitly
..\BSP\ultrasonic\ultrasonic.c:         EXTI_ClearITPendingBit(EXTI_Line6);//清除中断标志
..\BSP\ultrasonic\ultrasonic.c:         ^
..\BSP\ultrasonic\ultrasonic.c(72): error:  #268: declaration may not appear after executable statement in block
..\BSP\ultrasonic\ultrasonic.c:         NVIC_InitTypeDef NVIC_InitStructure;
..\BSP\ultrasonic\ultrasonic.c:         ^
..\BSP\ultrasonic\ultrasonic.c(72): error:  #20: identifier "NVIC_InitTypeDef" is undefined
..\BSP\ultrasonic\ultrasonic.c:         NVIC_InitTypeDef NVIC_InitStructure;
..\BSP\ultrasonic\ultrasonic.c:         ^
..\BSP\ultrasonic\ultrasonic.c(73): error:  #20: identifier "EXTI9_5_IRQn" is undefined
..\BSP\ultrasonic\ultrasonic.c:         NVIC_InitStructure.NVIC_IRQChannel = EXTI9_5_IRQn;
..\BSP\ultrasonic\ultrasonic.c:                                              ^
..\BSP\ultrasonic\ultrasonic.c(77): warning:  #223-D: function "NVIC_Init" declared implicitly
..\BSP\ultrasonic\ultrasonic.c:         NVIC_Init(&NVIC_InitStructure);
..\BSP\ultrasonic\ultrasonic.c:         ^
..\BSP\ultrasonic\ultrasonic.c(89): error:  #20: identifier "TIM_TimeBaseInitTypeDef" is undefined
..\BSP\ultrasonic\ultrasonic.c:    TIM_TimeBaseInitTypeDef  TIM_TimeBaseStructure;  
..\BSP\ultrasonic\ultrasonic.c:    ^
..\BSP\ultrasonic\ultrasonic.c(91): warning:  #223-D: function "RCC_APB1PeriphClockCmd" declared implicitly
..\BSP\ultrasonic\ultrasonic.c:     RCC_APB1PeriphClockCmd(RCC_APB1Periph_TIM2, ENABLE); //时钟使能  
..\BSP\ultrasonic\ultrasonic.c:     ^
..\BSP\ultrasonic\ultrasonic.c(91): error:  #20: identifier "RCC_APB1Periph_TIM2" is undefined
..\BSP\ultrasonic\ultrasonic.c:     RCC_APB1PeriphClockCmd(RCC_APB1Periph_TIM2, ENABLE); //时钟使能  
..\BSP\ultrasonic\ultrasonic.c:                            ^
..\BSP\ultrasonic\ultrasonic.c(91): error:  #20: identifier "ENABLE" is undefined
..\BSP\ultrasonic\ultrasonic.c:     RCC_APB1PeriphClockCmd(RCC_APB1Periph_TIM2, ENABLE); //时钟使能  
..\BSP\ultrasonic\ultrasonic.c:                                                 ^
..\BSP\ultrasonic\ultrasonic.c(96): error:  #20: identifier "TIM_CounterMode_Up" is undefined
..\BSP\ultrasonic\ultrasonic.c:     TIM_TimeBaseStructure.TIM_CounterMode = TIM_CounterMode_Up;//向上计数模式  
..\BSP\ultrasonic\ultrasonic.c:                                             ^
..\BSP\ultrasonic\ultrasonic.c(98): warning:  #223-D: function "TIM_TimeBaseInit" declared implicitly
..\BSP\ultrasonic\ultrasonic.c:     TIM_TimeBaseInit(TIM2, &TIM_TimeBaseStructure); //参数初始化  
..\BSP\ultrasonic\ultrasonic.c:     ^
..\BSP\ultrasonic\ultrasonic.c(98): error:  #20: identifier "TIM2" is undefined
..\BSP\ultrasonic\ultrasonic.c:     TIM_TimeBaseInit(TIM2, &TIM_TimeBaseStructure); //参数初始化  
..\BSP\ultrasonic\ultrasonic.c:                      ^
..\BSP\ultrasonic\ultrasonic.c(117): warning:  #223-D: function "sqrt" declared implicitly
..\BSP\ultrasonic\ultrasonic.c:     text=(float)sqrt((TIM/10.0*17)*(TIM/10.0*17)-module_interval*module_interval/4.0)+12.0; //12.0为误差补偿//根据计数值算出单次测距距离
..\BSP\ultrasonic\ultrasonic.c:                 ^
..\BSP\ultrasonic\ultrasonic.c(117): error:  #20: identifier "module_interval" is undefined
..\BSP\ultrasonic\ultrasonic.c:     text=(float)sqrt((TIM/10.0*17)*(TIM/10.0*17)-module_interval*module_interval/4.0)+12.0; //12.0为误差补偿//根据计数值算出单次测距距离
..\BSP\ultrasonic\ultrasonic.c:                                                  ^
..\BSP\ultrasonic\ultrasonic.c(147): warning:  #223-D: function "GPIO_SetBits" declared implicitly
..\BSP\ultrasonic\ultrasonic.c:     GPIO_SetBits(GPIOB,GPIO_Pin_5);//拉高信号，作为触发信号
..\BSP\ultrasonic\ultrasonic.c:     ^
..\BSP\ultrasonic\ultrasonic.c(147): error:  #20: identifier "GPIOB" is undefined
..\BSP\ultrasonic\ultrasonic.c:     GPIO_SetBits(GPIOB,GPIO_Pin_5);//拉高信号，作为触发信号
..\BSP\ultrasonic\ultrasonic.c:                  ^
..\BSP\ultrasonic\ultrasonic.c(147): error:  #20: identifier "GPIO_Pin_5" is undefined
..\BSP\ultrasonic\ultrasonic.c:     GPIO_SetBits(GPIOB,GPIO_Pin_5);//拉高信号，作为触发信号
..\BSP\ultrasonic\ultrasonic.c:                        ^
..\BSP\ultrasonic\ultrasonic.c(149): warning:  #223-D: function "GPIO_ResetBits" declared implicitly
..\BSP\ultrasonic\ultrasonic.c:     GPIO_ResetBits(GPIOB,GPIO_Pin_5);//拉低信号   
..\BSP\ultrasonic\ultrasonic.c:     ^
..\BSP\ultrasonic\ultrasonic.c(154): warning:  #1-D: last line of file ends without a newline
..\BSP\ultrasonic\ultrasonic.c:    
..\BSP\ultrasonic\ultrasonic.c:    ^
..\BSP\ultrasonic\ultrasonic.c: ..\BSP\ultrasonic\ultrasonic.c: 13 warnings, 29 errors
Target not created
Build target 'PROJECT'
assembling startup_stm32f10x_md.s...
compiling core_cm3.c...
compiling system_stm32f10x.c...
compiling misc.c...
compiling stm32f10x_adc.c...
compiling stm32f10x_bkp.c...
compiling stm32f10x_can.c...
compiling stm32f10x_cec.c...
compiling stm32f10x_crc.c...
compiling stm32f10x_dac.c...
compiling stm32f10x_dbgmcu.c...
compiling stm32f10x_dma.c...
compiling stm32f10x_exti.c...
compiling stm32f10x_flash.c...
compiling stm32f10x_fsmc.c...
compiling stm32f10x_gpio.c...
compiling stm32f10x_i2c.c...
compiling stm32f10x_iwdg.c...
compiling stm32f10x_pwr.c...
compiling stm32f10x_rcc.c...
compiling stm32f10x_rtc.c...
compiling stm32f10x_sdio.c...
compiling stm32f10x_spi.c...
compiling stm32f10x_tim.c...
compiling stm32f10x_usart.c...
compiling stm32f10x_wwdg.c...
compiling bsp.c...
..\BSP\..\App\..\BSP\..\BSP\ultrasonic\ultrasonic.h(26): warning:  #1-D: last line of file ends without a newline
..\BSP\..\App\..\BSP\..\BSP\ultrasonic\ultrasonic.h:   #endif /* __ULTRASONIC_H */
..\BSP\..\App\..\BSP\..\BSP\ultrasonic\ultrasonic.h:                              ^
..\BSP\..\App\..\BSP\..\BSP\ultrasonic\ultrasonic.h: ..\BSP\bsp.c: 1 warning, 0 errors
compiling bsp_int.c...
..\BSP\..\App\..\BSP\..\BSP\ultrasonic\ultrasonic.h(26): warning:  #1-D: last line of file ends without a newline
..\BSP\..\App\..\BSP\..\BSP\ultrasonic\ultrasonic.h:   #endif /* __ULTRASONIC_H */
..\BSP\..\App\..\BSP\..\BSP\ultrasonic\ultrasonic.h:                              ^
..\BSP\..\App\..\BSP\..\BSP\ultrasonic\ultrasonic.h: ..\BSP\bsp_int.c: 1 warning, 0 errors
compiling usart.c...
..\BSP\usart\..\..\APP\..\BSP\..\BSP\ultrasonic\ultrasonic.h(26): warning:  #1-D: last line of file ends without a newline
..\BSP\usart\..\..\APP\..\BSP\..\BSP\ultrasonic\ultrasonic.h:   #endif /* __ULTRASONIC_H */
..\BSP\usart\..\..\APP\..\BSP\..\BSP\ultrasonic\ultrasonic.h:                              ^
..\BSP\usart\..\..\APP\..\BSP\..\BSP\ultrasonic\ultrasonic.h: ..\BSP\usart\usart.c: 1 warning, 0 errors
compiling sysTick.c...
..\BSP\sysTick\..\..\APP\..\BSP\..\BSP\ultrasonic\ultrasonic.h(26): warning:  #1-D: last line of file ends without a newline
..\BSP\sysTick\..\..\APP\..\BSP\..\BSP\ultrasonic\ultrasonic.h:   #endif /* __ULTRASONIC_H */
..\BSP\sysTick\..\..\APP\..\BSP\..\BSP\ultrasonic\ultrasonic.h:                              ^
..\BSP\sysTick\sysTick.c(31): warning:  #68-D: integer conversion resulted in a change of sign
..\BSP\sysTick\sysTick.c:       SysTick_NVIC_InitStructure.NVIC_IRQChannel = SysTick_IRQn;
..\BSP\sysTick\sysTick.c:                                                    ^
..\BSP\sysTick\sysTick.c: ..\BSP\sysTick\sysTick.c: 2 warnings, 0 errors
compiling i2c.c...
..\BSP\I2C\..\..\APP\..\BSP\..\BSP\ultrasonic\ultrasonic.h(26): warning:  #1-D: last line of file ends without a newline
..\BSP\I2C\..\..\APP\..\BSP\..\BSP\ultrasonic\ultrasonic.h:   #endif /* __ULTRASONIC_H */
..\BSP\I2C\..\..\APP\..\BSP\..\BSP\ultrasonic\ultrasonic.h:                              ^
..\BSP\I2C\..\..\APP\..\BSP\..\BSP\ultrasonic\ultrasonic.h: ..\BSP\I2C\i2c.c: 1 warning, 0 errors
compiling ultrasonic.c...
..\BSP\ultrasonic\..\..\APP\..\BSP\..\BSP\ultrasonic\ultrasonic.h(26): warning:  #1-D: last line of file ends without a newline
..\BSP\ultrasonic\..\..\APP\..\BSP\..\BSP\ultrasonic\ultrasonic.h:   #endif /* __ULTRASONIC_H */
..\BSP\ultrasonic\..\..\APP\..\BSP\..\BSP\ultrasonic\ultrasonic.h:                              ^
..\BSP\ultrasonic\ultrasonic.c(55): error:  #268: declaration may not appear after executable statement in block
..\BSP\ultrasonic\ultrasonic.c:         EXTI_InitTypeDef EXTI_InitStructure;            //定义一个中断结构体变量
..\BSP\ultrasonic\ultrasonic.c:         ^
..\BSP\ultrasonic\ultrasonic.c(72): error:  #268: declaration may not appear after executable statement in block
..\BSP\ultrasonic\ultrasonic.c:         NVIC_InitTypeDef NVIC_InitStructure;
..\BSP\ultrasonic\ultrasonic.c:         ^
..\BSP\ultrasonic\ultrasonic.c(117): warning:  #223-D: function "sqrt" declared implicitly
..\BSP\ultrasonic\ultrasonic.c:     text=(float)sqrt((TIM/10.0*17)*(TIM/10.0*17)-module_interval*module_interval/4.0)+12.0; //12.0为误差补偿//根据计数值算出单次测距距离
..\BSP\ultrasonic\ultrasonic.c:                 ^
..\BSP\ultrasonic\ultrasonic.c(154): warning:  #1-D: last line of file ends without a newline
..\BSP\ultrasonic\ultrasonic.c:    
..\BSP\ultrasonic\ultrasonic.c:    ^
..\BSP\ultrasonic\ultrasonic.c: ..\BSP\ultrasonic\ultrasonic.c: 3 warnings, 2 errors
compiling TIM4.c...
..\BSP\timer\..\..\APP\..\BSP\..\BSP\ultrasonic\ultrasonic.h(26): warning:  #1-D: last line of file ends without a newline
..\BSP\timer\..\..\APP\..\BSP\..\BSP\ultrasonic\ultrasonic.h:   #endif /* __ULTRASONIC_H */
..\BSP\timer\..\..\APP\..\BSP\..\BSP\ultrasonic\ultrasonic.h:                              ^
..\BSP\timer\..\..\APP\..\BSP\..\BSP\ultrasonic\ultrasonic.h: ..\BSP\timer\TIM4.c: 1 warning, 0 errors
compiling cpu_c.c...
assembling cpu_a.asm...
compiling lib_mem.c...
compiling lib_str.c...
assembling lib_mem_a.asm...
assembling os_cpu_a.asm...
compiling os_core.c...
compiling os_flag.c...
compiling os_mbox.c...
compiling os_mem.c...
compiling os_mutex.c...
compiling os_q.c...
compiling os_sem.c...
compiling os_task.c...
compiling os_time.c...
compiling os_tmr.c...
compiling os_cpu_c.c...
compiling os_dbg.c...
compiling app.c...
..\APP\..\APP\..\BSP\..\BSP\ultrasonic\ultrasonic.h(26): warning:  #1-D: last line of file ends without a newline
..\APP\..\APP\..\BSP\..\BSP\ultrasonic\ultrasonic.h:   #endif /* __ULTRASONIC_H */
..\APP\..\APP\..\BSP\..\BSP\ultrasonic\ultrasonic.h:                              ^
..\APP\..\APP\..\BSP\..\BSP\ultrasonic\ultrasonic.h: ..\APP\app.c: 1 warning, 0 errors
compiling stm32f10x_it.c...
..\APP\..\BSP\..\BSP\ultrasonic\ultrasonic.h(26): warning:  #1-D: last line of file ends without a newline
..\APP\..\BSP\..\BSP\ultrasonic\ultrasonic.h:   #endif /* __ULTRASONIC_H */
..\APP\..\BSP\..\BSP\ultrasonic\ultrasonic.h:                              ^
..\APP\..\BSP\..\BSP\ultrasonic\ultrasonic.h: ..\APP\stm32f10x_it.c: 1 warning, 0 errors
Target not created
Build target 'PROJECT'
compiling ultrasonic.c...
..\BSP\ultrasonic\..\..\APP\..\BSP\..\BSP\ultrasonic\ultrasonic.h(26): warning:  #1-D: last line of file ends without a newline
..\BSP\ultrasonic\..\..\APP\..\BSP\..\BSP\ultrasonic\ultrasonic.h:   #endif /* __ULTRASONIC_H */
..\BSP\ultrasonic\..\..\APP\..\BSP\..\BSP\ultrasonic\ultrasonic.h:                              ^
..\BSP\ultrasonic\ultrasonic.c(56): error:  #268: declaration may not appear after executable statement in block
..\BSP\ultrasonic\ultrasonic.c:         EXTI_InitTypeDef EXTI_InitStructure;            //定义一个中断结构体变量
..\BSP\ultrasonic\ultrasonic.c:         ^
..\BSP\ultrasonic\ultrasonic.c(118): warning:  #223-D: function "sqrt" declared implicitly
..\BSP\ultrasonic\ultrasonic.c:     text=(float)sqrt((TIM/10.0*17)*(TIM/10.0*17)-module_interval*module_interval/4.0)+12.0; //12.0为误差补偿//根据计数值算出单次测距距离
..\BSP\ultrasonic\ultrasonic.c:                 ^
..\BSP\ultrasonic\ultrasonic.c(155): warning:  #1-D: last line of file ends without a newline
..\BSP\ultrasonic\ultrasonic.c:    
..\BSP\ultrasonic\ultrasonic.c:    ^
..\BSP\ultrasonic\ultrasonic.c: ..\BSP\ultrasonic\ultrasonic.c: 3 warnings, 1 error
Target not created
Build target 'PROJECT'
compiling ultrasonic.c...
..\BSP\ultrasonic\..\..\APP\..\BSP\..\BSP\ultrasonic\ultrasonic.h(26): warning:  #1-D: last line of file ends without a newline
..\BSP\ultrasonic\..\..\APP\..\BSP\..\BSP\ultrasonic\ultrasonic.h:   #endif /* __ULTRASONIC_H */
..\BSP\ultrasonic\..\..\APP\..\BSP\..\BSP\ultrasonic\ultrasonic.h:                              ^
..\BSP\ultrasonic\ultrasonic.c(119): warning:  #223-D: function "sqrt" declared implicitly
..\BSP\ultrasonic\ultrasonic.c:     text=(float)sqrt((TIM/10.0*17)*(TIM/10.0*17)-module_interval*module_interval/4.0)+12.0; //12.0为误差补偿//根据计数值算出单次测距距离
..\BSP\ultrasonic\ultrasonic.c:                 ^
..\BSP\ultrasonic\ultrasonic.c(156): warning:  #1-D: last line of file ends without a newline
..\BSP\ultrasonic\ultrasonic.c:    
..\BSP\ultrasonic\ultrasonic.c:    ^
..\BSP\ultrasonic\ultrasonic.c: ..\BSP\ultrasonic\ultrasonic.c: 3 warnings, 0 errors
linking...
..\Out\project.axf: Error: L6218E: Undefined symbol msHcCount (referred from stm32f10x_it.o).
..\Out\project.axf: Not enough information to list image symbols.
..\Out\project.axf: Finished: 1 information, 0 warning and 1 error messages.
Target not created
Build target 'PROJECT'
compiling stm32f10x_it.c...
..\APP\..\BSP\..\BSP\ultrasonic\ultrasonic.h(26): warning:  #1-D: last line of file ends without a newline
..\APP\..\BSP\..\BSP\ultrasonic\ultrasonic.h:   #endif /* __ULTRASONIC_H */
..\APP\..\BSP\..\BSP\ultrasonic\ultrasonic.h:                              ^
..\APP\..\BSP\..\BSP\ultrasonic\ultrasonic.h: ..\APP\stm32f10x_it.c: 1 warning, 0 errors
linking...
Program Size: Code=25166 RO-data=526 RW-data=136 ZI-data=4552  
FromELF: creating hex file...
"..\Out\project.axf" - 0 Error(s), 1 Warning(s).
Build target 'PROJECT'
compiling app.c...
..\APP\..\APP\..\BSP\..\BSP\ultrasonic\ultrasonic.h(26): warning:  #1-D: last line of file ends without a newline
..\APP\..\APP\..\BSP\..\BSP\ultrasonic\ultrasonic.h:   #endif /* __ULTRASONIC_H */
..\APP\..\APP\..\BSP\..\BSP\ultrasonic\ultrasonic.h:                              ^
..\APP\..\APP\..\BSP\..\BSP\ultrasonic\ultrasonic.h: ..\APP\app.c: 1 warning, 0 errors
linking...
Program Size: Code=25186 RO-data=526 RW-data=136 ZI-data=4552  
FromELF: creating hex file...
"..\Out\project.axf" - 0 Error(s), 1 Warning(s).
Build target 'PROJECT'
assembling startup_stm32f10x_md.s...
compiling core_cm3.c...
compiling system_stm32f10x.c...
compiling misc.c...
compiling stm32f10x_adc.c...
compiling stm32f10x_bkp.c...
compiling stm32f10x_can.c...
compiling stm32f10x_cec.c...
compiling stm32f10x_crc.c...
compiling stm32f10x_dac.c...
compiling stm32f10x_dbgmcu.c...
compiling stm32f10x_dma.c...
compiling stm32f10x_exti.c...
compiling stm32f10x_flash.c...
compiling stm32f10x_fsmc.c...
compiling stm32f10x_gpio.c...
compiling stm32f10x_i2c.c...
compiling stm32f10x_iwdg.c...
compiling stm32f10x_pwr.c...
compiling stm32f10x_rcc.c...
compiling stm32f10x_rtc.c...
compiling stm32f10x_sdio.c...
compiling stm32f10x_spi.c...
compiling stm32f10x_tim.c...
compiling stm32f10x_usart.c...
compiling stm32f10x_wwdg.c...
compiling bsp.c...
..\BSP\..\App\..\BSP\..\BSP\ultrasonic\ultrasonic.h(26): warning:  #1-D: last line of file ends without a newline
..\BSP\..\App\..\BSP\..\BSP\ultrasonic\ultrasonic.h:   #endif /* __ULTRASONIC_H */
..\BSP\..\App\..\BSP\..\BSP\ultrasonic\ultrasonic.h:                              ^
..\BSP\..\App\..\BSP\..\BSP\ultrasonic\ultrasonic.h: ..\BSP\bsp.c: 1 warning, 0 errors
compiling bsp_int.c...
..\BSP\..\App\..\BSP\..\BSP\ultrasonic\ultrasonic.h(26): warning:  #1-D: last line of file ends without a newline
..\BSP\..\App\..\BSP\..\BSP\ultrasonic\ultrasonic.h:   #endif /* __ULTRASONIC_H */
..\BSP\..\App\..\BSP\..\BSP\ultrasonic\ultrasonic.h:                              ^
..\BSP\..\App\..\BSP\..\BSP\ultrasonic\ultrasonic.h: ..\BSP\bsp_int.c: 1 warning, 0 errors
compiling usart.c...
..\BSP\usart\..\..\APP\..\BSP\..\BSP\ultrasonic\ultrasonic.h(26): warning:  #1-D: last line of file ends without a newline
..\BSP\usart\..\..\APP\..\BSP\..\BSP\ultrasonic\ultrasonic.h:   #endif /* __ULTRASONIC_H */
..\BSP\usart\..\..\APP\..\BSP\..\BSP\ultrasonic\ultrasonic.h:                              ^
..\BSP\usart\..\..\APP\..\BSP\..\BSP\ultrasonic\ultrasonic.h: ..\BSP\usart\usart.c: 1 warning, 0 errors
compiling sysTick.c...
..\BSP\sysTick\..\..\APP\..\BSP\..\BSP\ultrasonic\ultrasonic.h(26): warning:  #1-D: last line of file ends without a newline
..\BSP\sysTick\..\..\APP\..\BSP\..\BSP\ultrasonic\ultrasonic.h:   #endif /* __ULTRASONIC_H */
..\BSP\sysTick\..\..\APP\..\BSP\..\BSP\ultrasonic\ultrasonic.h:                              ^
..\BSP\sysTick\sysTick.c(31): warning:  #68-D: integer conversion resulted in a change of sign
..\BSP\sysTick\sysTick.c:       SysTick_NVIC_InitStructure.NVIC_IRQChannel = SysTick_IRQn;
..\BSP\sysTick\sysTick.c:                                                    ^
..\BSP\sysTick\sysTick.c: ..\BSP\sysTick\sysTick.c: 2 warnings, 0 errors
compiling i2c.c...
..\BSP\I2C\..\..\APP\..\BSP\..\BSP\ultrasonic\ultrasonic.h(26): warning:  #1-D: last line of file ends without a newline
..\BSP\I2C\..\..\APP\..\BSP\..\BSP\ultrasonic\ultrasonic.h:   #endif /* __ULTRASONIC_H */
..\BSP\I2C\..\..\APP\..\BSP\..\BSP\ultrasonic\ultrasonic.h:                              ^
..\BSP\I2C\..\..\APP\..\BSP\..\BSP\ultrasonic\ultrasonic.h: ..\BSP\I2C\i2c.c: 1 warning, 0 errors
compiling ultrasonic.c...
..\BSP\ultrasonic\..\..\APP\..\BSP\..\BSP\ultrasonic\ultrasonic.h(26): warning:  #1-D: last line of file ends without a newline
..\BSP\ultrasonic\..\..\APP\..\BSP\..\BSP\ultrasonic\ultrasonic.h:   #endif /* __ULTRASONIC_H */
..\BSP\ultrasonic\..\..\APP\..\BSP\..\BSP\ultrasonic\ultrasonic.h:                              ^
..\BSP\ultrasonic\ultrasonic.c(119): warning:  #223-D: function "sqrt" declared implicitly
..\BSP\ultrasonic\ultrasonic.c:     text=(float)sqrt((TIM/10.0*17)*(TIM/10.0*17)-module_interval*module_interval/4.0)+12.0; //12.0为误差补偿//根据计数值算出单次测距距离
..\BSP\ultrasonic\ultrasonic.c:                 ^
..\BSP\ultrasonic\ultrasonic.c(156): warning:  #1-D: last line of file ends without a newline
..\BSP\ultrasonic\ultrasonic.c:    
..\BSP\ultrasonic\ultrasonic.c:    ^
..\BSP\ultrasonic\ultrasonic.c: ..\BSP\ultrasonic\ultrasonic.c: 3 warnings, 0 errors
compiling TIM4.c...
..\BSP\timer\..\..\APP\..\BSP\..\BSP\ultrasonic\ultrasonic.h(26): warning:  #1-D: last line of file ends without a newline
..\BSP\timer\..\..\APP\..\BSP\..\BSP\ultrasonic\ultrasonic.h:   #endif /* __ULTRASONIC_H */
..\BSP\timer\..\..\APP\..\BSP\..\BSP\ultrasonic\ultrasonic.h:                              ^
..\BSP\timer\..\..\APP\..\BSP\..\BSP\ultrasonic\ultrasonic.h: ..\BSP\timer\TIM4.c: 1 warning, 0 errors
compiling cpu_c.c...
assembling cpu_a.asm...
compiling lib_mem.c...
compiling lib_str.c...
assembling lib_mem_a.asm...
assembling os_cpu_a.asm...
compiling os_core.c...
compiling os_flag.c...
compiling os_mbox.c...
compiling os_mem.c...
compiling os_mutex.c...
compiling os_q.c...
compiling os_sem.c...
compiling os_task.c...
compiling os_time.c...
compiling os_tmr.c...
compiling os_cpu_c.c...
compiling os_dbg.c...
compiling app.c...
..\APP\..\APP\..\BSP\..\BSP\ultrasonic\ultrasonic.h(26): warning:  #1-D: last line of file ends without a newline
..\APP\..\APP\..\BSP\..\BSP\ultrasonic\ultrasonic.h:   #endif /* __ULTRASONIC_H */
..\APP\..\APP\..\BSP\..\BSP\ultrasonic\ultrasonic.h:                              ^
..\APP\..\APP\..\BSP\..\BSP\ultrasonic\ultrasonic.h: ..\APP\app.c: 1 warning, 0 errors
compiling stm32f10x_it.c...
..\APP\..\BSP\..\BSP\ultrasonic\ultrasonic.h(26): warning:  #1-D: last line of file ends without a newline
..\APP\..\BSP\..\BSP\ultrasonic\ultrasonic.h:   #endif /* __ULTRASONIC_H */
..\APP\..\BSP\..\BSP\ultrasonic\ultrasonic.h:                              ^
..\APP\..\BSP\..\BSP\ultrasonic\ultrasonic.h: ..\APP\stm32f10x_it.c: 1 warning, 0 errors
linking...
Program Size: Code=25186 RO-data=526 RW-data=136 ZI-data=4552  
FromELF: creating hex file...
"..\Out\project.axf" - 0 Error(s), 12 Warning(s).
Build target 'PROJECT'
compiling ultrasonic.c...
..\BSP\ultrasonic\..\..\APP\..\BSP\..\BSP\ultrasonic\ultrasonic.h(26): warning:  #1-D: last line of file ends without a newline
..\BSP\ultrasonic\..\..\APP\..\BSP\..\BSP\ultrasonic\ultrasonic.h:   #endif /* __ULTRASONIC_H */
..\BSP\ultrasonic\..\..\APP\..\BSP\..\BSP\ultrasonic\ultrasonic.h:                              ^
..\BSP\ultrasonic\ultrasonic.c(119): warning:  #223-D: function "sqrt" declared implicitly
..\BSP\ultrasonic\ultrasonic.c:     text=(float)sqrt((TIM/10.0*17)*(TIM/10.0*17)-module_interval*module_interval/4.0)+12.0; //12.0为误差补偿//根据计数值算出单次测距距离
..\BSP\ultrasonic\ultrasonic.c:                 ^
..\BSP\ultrasonic\ultrasonic.c(156): warning:  #1-D: last line of file ends without a newline
..\BSP\ultrasonic\ultrasonic.c:    
..\BSP\ultrasonic\ultrasonic.c:    ^
..\BSP\ultrasonic\ultrasonic.c: ..\BSP\ultrasonic\ultrasonic.c: 3 warnings, 0 errors
compiling app.c...
..\APP\..\APP\..\BSP\..\BSP\ultrasonic\ultrasonic.h(26): warning:  #1-D: last line of file ends without a newline
..\APP\..\APP\..\BSP\..\BSP\ultrasonic\ultrasonic.h:   #endif /* __ULTRASONIC_H */
..\APP\..\APP\..\BSP\..\BSP\ultrasonic\ultrasonic.h:                              ^
..\APP\..\APP\..\BSP\..\BSP\ultrasonic\ultrasonic.h: ..\APP\app.c: 1 warning, 0 errors
linking...
Program Size: Code=25182 RO-data=526 RW-data=136 ZI-data=4552  
FromELF: creating hex file...
"..\Out\project.axf" - 0 Error(s), 4 Warning(s).
Build target 'PROJECT'
compiling bsp.c...
compiling bsp_int.c...
compiling usart.c...
compiling sysTick.c...
..\BSP\sysTick\sysTick.c(31): warning:  #68-D: integer conversion resulted in a change of sign
..\BSP\sysTick\sysTick.c:       SysTick_NVIC_InitStructure.NVIC_IRQChannel = SysTick_IRQn;
..\BSP\sysTick\sysTick.c:                                                    ^
..\BSP\sysTick\sysTick.c: ..\BSP\sysTick\sysTick.c: 1 warning, 0 errors
compiling i2c.c...
compiling ultrasonic.c...
compiling TIM4.c...
compiling app.c...
compiling stm32f10x_it.c...
linking...
Program Size: Code=24844 RO-data=524 RW-data=120 ZI-data=4512  
FromELF: creating hex file...
"..\Out\project.axf" - 0 Error(s), 1 Warning(s).
Build target 'PROJECT'
compiling ultrasonic.c...
linking...
Program Size: Code=24844 RO-data=524 RW-data=120 ZI-data=4512  
FromELF: creating hex file...
"..\Out\project.axf" - 0 Error(s), 0 Warning(s).
Build target 'PROJECT'
compiling ultrasonic.c...
..\BSP\ultrasonic\ultrasonic.c(187): warning:  #223-D: function "sqrt" declared implicitly
..\BSP\ultrasonic\ultrasonic.c:                 TmpDistance = (float)sqrt((time*0.01*(float)17)*(time*0.01*(float)17)-((float)(ULTRASONIC_MODULE_INTERVAL*ULTRASONIC_MODULE_INTERVAL)/(float)4));  
..\BSP\ultrasonic\ultrasonic.c:                                      ^
..\BSP\ultrasonic\ultrasonic.c: ..\BSP\ultrasonic\ultrasonic.c: 1 warning, 0 errors
linking...
Program Size: Code=25178 RO-data=526 RW-data=124 ZI-data=4508  
FromELF: creating hex file...
"..\Out\project.axf" - 0 Error(s), 1 Warning(s).
Build target 'PROJECT'
compiling ultrasonic.c...
..\BSP\ultrasonic\ultrasonic.c(188): warning:  #223-D: function "sqrt" declared implicitly
..\BSP\ultrasonic\ultrasonic.c:                 TmpDistance = (float)sqrt((time*0.01*(float)17)*(time*0.01*(float)17)-((float)(ULTRASONIC_MODULE_INTERVAL*ULTRASONIC_MODULE_INTERVAL)/(float)4));  
..\BSP\ultrasonic\ultrasonic.c:                                      ^
..\BSP\ultrasonic\ultrasonic.c: ..\BSP\ultrasonic\ultrasonic.c: 1 warning, 0 errors
linking...
Program Size: Code=25214 RO-data=526 RW-data=124 ZI-data=4508  
FromELF: creating hex file...
"..\Out\project.axf" - 0 Error(s), 1 Warning(s).
Build target 'PROJECT'
compiling ultrasonic.c...
..\BSP\ultrasonic\ultrasonic.c(188): warning:  #223-D: function "sqrt" declared implicitly
..\BSP\ultrasonic\ultrasonic.c:                 TmpDistance = (float)sqrt((time*0.01*(float)17)*(time*0.01*(float)17)-((float)(ULTRASONIC_MODULE_INTERVAL*ULTRASONIC_MODULE_INTERVAL)/(float)4));  
..\BSP\ultrasonic\ultrasonic.c:                                      ^
..\BSP\ultrasonic\ultrasonic.c: ..\BSP\ultrasonic\ultrasonic.c: 1 warning, 0 errors
linking...
Program Size: Code=25326 RO-data=526 RW-data=124 ZI-data=4508  
FromELF: creating hex file...
"..\Out\project.axf" - 0 Error(s), 1 Warning(s).
Build target 'PROJECT'
compiling ultrasonic.c...
..\BSP\ultrasonic\ultrasonic.c(188): warning:  #223-D: function "sqrt" declared implicitly
..\BSP\ultrasonic\ultrasonic.c:                 TmpDistance = (float)sqrt((time*0.01*(float)17)*(time*0.01*(float)17)-((float)(ULTRASONIC_MODULE_INTERVAL*ULTRASONIC_MODULE_INTERVAL)/(float)4));  
..\BSP\ultrasonic\ultrasonic.c:                                      ^
..\BSP\ultrasonic\ultrasonic.c: ..\BSP\ultrasonic\ultrasonic.c: 1 warning, 0 errors
compiling stm32f10x_it.c...
linking...
Program Size: Code=25322 RO-data=526 RW-data=124 ZI-data=4508  
FromELF: creating hex file...
"..\Out\project.axf" - 0 Error(s), 1 Warning(s).
Build target 'PROJECT'
compiling bsp.c...
compiling bsp_int.c...
compiling usart.c...
compiling sysTick.c...
..\BSP\sysTick\sysTick.c(31): warning:  #68-D: integer conversion resulted in a change of sign
..\BSP\sysTick\sysTick.c:       SysTick_NVIC_InitStructure.NVIC_IRQChannel = SysTick_IRQn;
..\BSP\sysTick\sysTick.c:                                                    ^
..\BSP\sysTick\sysTick.c: ..\BSP\sysTick\sysTick.c: 1 warning, 0 errors
compiling i2c.c...
compiling ultrasonic.c...
..\BSP\ultrasonic\ultrasonic.c(188): warning:  #223-D: function "sqrt" declared implicitly
..\BSP\ultrasonic\ultrasonic.c:                 TmpDistance = (float)sqrt((time*0.01*(float)17)*(time*0.01*(float)17)-((float)(ULTRASONIC_MODULE_INTERVAL*ULTRASONIC_MODULE_INTERVAL)/(float)4));  
..\BSP\ultrasonic\ultrasonic.c:                                      ^
..\BSP\ultrasonic\ultrasonic.c: ..\BSP\ultrasonic\ultrasonic.c: 1 warning, 0 errors
compiling TIM4.c...
compiling app.c...
compiling stm32f10x_it.c...
linking...
Program Size: Code=25322 RO-data=526 RW-data=124 ZI-data=4508  
FromELF: creating hex file...
"..\Out\project.axf" - 0 Error(s), 2 Warning(s).
Build target 'PROJECT'
compiling ultrasonic.c...
linking...
Program Size: Code=25032 RO-data=524 RW-data=120 ZI-data=4512  
FromELF: creating hex file...
"..\Out\project.axf" - 0 Error(s), 0 Warning(s).
Build target 'PROJECT'
compiling ultrasonic.c...
linking...
Program Size: Code=24940 RO-data=524 RW-data=120 ZI-data=4512  
FromELF: creating hex file...
"..\Out\project.axf" - 0 Error(s), 0 Warning(s).
Build target 'PROJECT'
compiling ultrasonic.c...
..\BSP\ultrasonic\ultrasonic.c(188): warning:  #223-D: function "sqrt" declared implicitly
..\BSP\ultrasonic\ultrasonic.c:                 TmpDistance = (float)sqrt((time*0.01*(float)17)*(time*0.01*(float)17)-((float)(ULTRASONIC_MODULE_INTERVAL*ULTRASONIC_MODULE_INTERVAL)/(float)4));
..\BSP\ultrasonic\ultrasonic.c:                                      ^
..\BSP\ultrasonic\ultrasonic.c: ..\BSP\ultrasonic\ultrasonic.c: 1 warning, 0 errors
linking...
Program Size: Code=25322 RO-data=526 RW-data=124 ZI-data=4508  
FromELF: creating hex file...
"..\Out\project.axf" - 0 Error(s), 1 Warning(s).
Build target 'PROJECT'
compiling ultrasonic.c...
..\BSP\ultrasonic\ultrasonic.c(188): warning:  #223-D: function "sqrt" declared implicitly
..\BSP\ultrasonic\ultrasonic.c:                 TmpDistance = (float)sqrt((time*0.01*(float)17)*(time*0.01*(float)17)-((float)(ULTRASONIC_MODULE_INTERVAL*ULTRASONIC_MODULE_INTERVAL)/(float)4));
..\BSP\ultrasonic\ultrasonic.c:                                      ^
..\BSP\ultrasonic\ultrasonic.c: ..\BSP\ultrasonic\ultrasonic.c: 1 warning, 0 errors
linking...
Program Size: Code=25410 RO-data=526 RW-data=124 ZI-data=4508  
FromELF: creating hex file...
"..\Out\project.axf" - 0 Error(s), 1 Warning(s).
Build target 'PROJECT'
compiling ultrasonic.c...
linking...
Program Size: Code=25032 RO-data=524 RW-data=120 ZI-data=4512  
FromELF: creating hex file...
"..\Out\project.axf" - 0 Error(s), 0 Warning(s).
Build target 'PROJECT'
compiling ultrasonic.c...
..\BSP\ultrasonic\ultrasonic.c(188): warning:  #223-D: function "sqrt" declared implicitly
..\BSP\ultrasonic\ultrasonic.c:                 TmpDistance = (float)sqrt((time*0.01*(float)17)*(time*0.01*(float)17)-((float)(ULTRASONIC_MODULE_INTERVAL*ULTRASONIC_MODULE_INTERVAL)/(float)4));
..\BSP\ultrasonic\ultrasonic.c:                                      ^
..\BSP\ultrasonic\ultrasonic.c: ..\BSP\ultrasonic\ultrasonic.c: 1 warning, 0 errors
linking...
Program Size: Code=25322 RO-data=526 RW-data=124 ZI-data=4508  
FromELF: creating hex file...
"..\Out\project.axf" - 0 Error(s), 1 Warning(s).
Build target 'PROJECT'
compiling ultrasonic.c...
..\BSP\ultrasonic\ultrasonic.c(188): warning:  #223-D: function "sqrt" declared implicitly
..\BSP\ultrasonic\ultrasonic.c:                 TmpDistance = (float)sqrt((time*0.01*(float)17)*(time*0.01*(float)17)-((float)(ULTRASONIC_MODULE_INTERVAL*ULTRASONIC_MODULE_INTERVAL)/(float)4));
..\BSP\ultrasonic\ultrasonic.c:                                      ^
..\BSP\ultrasonic\ultrasonic.c: ..\BSP\ultrasonic\ultrasonic.c: 1 warning, 0 errors
linking...
Program Size: Code=25362 RO-data=526 RW-data=124 ZI-data=4508  
FromELF: creating hex file...
"..\Out\project.axf" - 0 Error(s), 1 Warning(s).
Build target 'PROJECT'
compiling ultrasonic.c...
..\BSP\ultrasonic\ultrasonic.c(188): warning:  #223-D: function "sqrt" declared implicitly
..\BSP\ultrasonic\ultrasonic.c:                 TmpDistance = (float)sqrt((time*0.01*(float)17)*(time*0.01*(float)17)-((float)(ULTRASONIC_MODULE_INTERVAL*ULTRASONIC_MODULE_INTERVAL)/(float)4));
..\BSP\ultrasonic\ultrasonic.c:                                      ^
..\BSP\ultrasonic\ultrasonic.c: ..\BSP\ultrasonic\ultrasonic.c: 1 warning, 0 errors
linking...
Program Size: Code=25362 RO-data=526 RW-data=124 ZI-data=4508  
FromELF: creating hex file...
"..\Out\project.axf" - 0 Error(s), 1 Warning(s).
Build target 'PROJECT'
compiling ultrasonic.c...
..\BSP\ultrasonic\ultrasonic.c(188): warning:  #223-D: function "sqrt" declared implicitly
..\BSP\ultrasonic\ultrasonic.c:                 TmpDistance = (float)sqrt((time/1000*170)*(time/1000*170)-(ULTRASONIC_MODULE_INTERVAL*ULTRASONIC_MODULE_INTERVAL)/4);
..\BSP\ultrasonic\ultrasonic.c:                                      ^
..\BSP\ultrasonic\ultrasonic.c: ..\BSP\ultrasonic\ultrasonic.c: 1 warning, 0 errors
linking...
Program Size: Code=25326 RO-data=526 RW-data=124 ZI-data=4508  
FromELF: creating hex file...
"..\Out\project.axf" - 0 Error(s), 1 Warning(s).
Build target 'PROJECT'
assembling startup_stm32f10x_md.s...
compiling core_cm3.c...
compiling system_stm32f10x.c...
compiling misc.c...
compiling stm32f10x_adc.c...
compiling stm32f10x_bkp.c...
compiling stm32f10x_can.c...
compiling stm32f10x_cec.c...
compiling stm32f10x_crc.c...
compiling stm32f10x_dac.c...
compiling stm32f10x_dbgmcu.c...
compiling stm32f10x_dma.c...
compiling stm32f10x_exti.c...
compiling stm32f10x_flash.c...
compiling stm32f10x_fsmc.c...
compiling stm32f10x_gpio.c...
compiling stm32f10x_i2c.c...
compiling stm32f10x_iwdg.c...
compiling stm32f10x_pwr.c...
compiling stm32f10x_rcc.c...
compiling stm32f10x_rtc.c...
compiling stm32f10x_sdio.c...
compiling stm32f10x_spi.c...
compiling stm32f10x_tim.c...
compiling stm32f10x_usart.c...
compiling stm32f10x_wwdg.c...
compiling bsp.c...
compiling bsp_int.c...
compiling usart.c...
compiling sysTick.c...
..\BSP\sysTick\sysTick.c(31): warning:  #68-D: integer conversion resulted in a change of sign
..\BSP\sysTick\sysTick.c:       SysTick_NVIC_InitStructure.NVIC_IRQChannel = SysTick_IRQn;
..\BSP\sysTick\sysTick.c:                                                    ^
..\BSP\sysTick\sysTick.c: ..\BSP\sysTick\sysTick.c: 1 warning, 0 errors
compiling i2c.c...
compiling ultrasonic.c...
compiling TIM4.c...
compiling cpu_c.c...
assembling cpu_a.asm...
compiling lib_mem.c...
compiling lib_str.c...
assembling lib_mem_a.asm...
assembling os_cpu_a.asm...
compiling os_core.c...
compiling os_flag.c...
compiling os_mbox.c...
compiling os_mem.c...
compiling os_mutex.c...
compiling os_q.c...
compiling os_sem.c...
compiling os_task.c...
compiling os_time.c...
compiling os_tmr.c...
compiling os_cpu_c.c...
compiling os_dbg.c...
compiling app.c...
compiling stm32f10x_it.c...
linking...
Program Size: Code=25068 RO-data=524 RW-data=120 ZI-data=4512  
FromELF: creating hex file...
"..\Out\project.axf" - 0 Error(s), 1 Warning(s).
Build target 'PROJECT'
compiling ultrasonic.c...
linking...
Program Size: Code=25076 RO-data=524 RW-data=120 ZI-data=4512  
FromELF: creating hex file...
"..\Out\project.axf" - 0 Error(s), 0 Warning(s).
Build target 'PROJECT'
compiling ultrasonic.c...
compiling stm32f10x_it.c...
linking...
Program Size: Code=24964 RO-data=524 RW-data=120 ZI-data=4512  
FromELF: creating hex file...
"..\Out\project.axf" - 0 Error(s), 0 Warning(s).
Build target 'PROJECT'
compiling ultrasonic.c...
linking...
Program Size: Code=24888 RO-data=524 RW-data=120 ZI-data=4512  
FromELF: creating hex file...
"..\Out\project.axf" - 0 Error(s), 0 Warning(s).
Build target 'PROJECT'
assembling startup_stm32f10x_md.s...
compiling core_cm3.c...
compiling system_stm32f10x.c...
compiling misc.c...
compiling stm32f10x_adc.c...
compiling stm32f10x_bkp.c...
compiling stm32f10x_can.c...
compiling stm32f10x_cec.c...
compiling stm32f10x_crc.c...
compiling stm32f10x_dac.c...
compiling stm32f10x_dbgmcu.c...
compiling stm32f10x_dma.c...
compiling stm32f10x_exti.c...
compiling stm32f10x_flash.c...
compiling stm32f10x_fsmc.c...
compiling stm32f10x_gpio.c...
compiling stm32f10x_i2c.c...
compiling stm32f10x_iwdg.c...
compiling stm32f10x_pwr.c...
compiling stm32f10x_rcc.c...
compiling stm32f10x_rtc.c...
compiling stm32f10x_sdio.c...
compiling stm32f10x_spi.c...
compiling stm32f10x_tim.c...
compiling stm32f10x_usart.c...
compiling stm32f10x_wwdg.c...
compiling bsp.c...
compiling bsp_int.c...
compiling usart.c...
compiling sysTick.c...
..\BSP\sysTick\sysTick.c(31): warning:  #68-D: integer conversion resulted in a change of sign
..\BSP\sysTick\sysTick.c:       SysTick_NVIC_InitStructure.NVIC_IRQChannel = SysTick_IRQn;
..\BSP\sysTick\sysTick.c:                                                    ^
..\BSP\sysTick\sysTick.c: ..\BSP\sysTick\sysTick.c: 1 warning, 0 errors
compiling i2c.c...
compiling ultrasonic.c...
compiling TIM4.c...
..\BSP\timer\TIM4.c(69): warning:  #69-D: integer conversion resulted in truncation
..\BSP\timer\TIM4.c:    TIM4_TimeBaseStructure.TIM_Period = TIM4_CNTS-1;
..\BSP\timer\TIM4.c:                                        ^
..\BSP\timer\TIM4.c: ..\BSP\timer\TIM4.c: 1 warning, 0 errors
compiling cpu_c.c...
assembling cpu_a.asm...
compiling lib_mem.c...
compiling lib_str.c...
assembling lib_mem_a.asm...
assembling os_cpu_a.asm...
compiling os_core.c...
compiling os_flag.c...
compiling os_mbox.c...
compiling os_mem.c...
compiling os_mutex.c...
compiling os_q.c...
compiling os_sem.c...
compiling os_task.c...
compiling os_time.c...
compiling os_tmr.c...
compiling os_cpu_c.c...
compiling os_dbg.c...
compiling app.c...
compiling stm32f10x_it.c...
linking...
Program Size: Code=24888 RO-data=524 RW-data=120 ZI-data=4512  
FromELF: creating hex file...
"..\Out\project.axf" - 0 Error(s), 2 Warning(s).
Build target 'PROJECT'
linking...
Program Size: Code=24888 RO-data=524 RW-data=120 ZI-data=4512  
FromELF: creating hex file...
"..\Out\project.axf" - 0 Error(s), 0 Warning(s).
Build target 'PROJECT'
compiling ultrasonic.c...
linking...
Program Size: Code=24896 RO-data=524 RW-data=120 ZI-data=4512  
FromELF: creating hex file...
"..\Out\project.axf" - 0 Error(s), 0 Warning(s).
Build target 'PROJECT'
compiling bsp.c...
compiling bsp_int.c...
compiling usart.c...
compiling sysTick.c...
..\BSP\sysTick\sysTick.c(31): warning:  #68-D: integer conversion resulted in a change of sign
..\BSP\sysTick\sysTick.c:       SysTick_NVIC_InitStructure.NVIC_IRQChannel = SysTick_IRQn;
..\BSP\sysTick\sysTick.c:                                                    ^
..\BSP\sysTick\sysTick.c: ..\BSP\sysTick\sysTick.c: 1 warning, 0 errors
compiling i2c.c...
compiling ultrasonic.c...
compiling TIM4.c...
compiling app.c...
compiling stm32f10x_it.c...
linking...
Program Size: Code=24900 RO-data=524 RW-data=120 ZI-data=4512  
FromELF: creating hex file...
"..\Out\project.axf" - 0 Error(s), 1 Warning(s).
Build target 'PROJECT'
compiling stm32f10x_it.c...
..\APP\stm32f10x_it.c(215): warning:  #224-D: the format string requires additional arguments
..\APP\stm32f10x_it.c:                          printf("time is %d in isr\r\n");
..\APP\stm32f10x_it.c:                                                        ^
..\APP\stm32f10x_it.c: ..\APP\stm32f10x_it.c: 1 warning, 0 errors
linking...
Program Size: Code=24928 RO-data=524 RW-data=120 ZI-data=4512  
FromELF: creating hex file...
"..\Out\project.axf" - 0 Error(s), 1 Warning(s).
Build target 'PROJECT'
compiling stm32f10x_it.c...
linking...
Program Size: Code=24932 RO-data=524 RW-data=120 ZI-data=4512  
FromELF: creating hex file...
"..\Out\project.axf" - 0 Error(s), 0 Warning(s).
Build target 'PROJECT'
compiling ultrasonic.c...
linking...
Program Size: Code=24932 RO-data=524 RW-data=120 ZI-data=4512  
FromELF: creating hex file...
"..\Out\project.axf" - 0 Error(s), 0 Warning(s).
Build target 'PROJECT'
compiling ultrasonic.c...
linking...
Program Size: Code=24928 RO-data=524 RW-data=120 ZI-data=4512  
FromELF: creating hex file...
"..\Out\project.axf" - 0 Error(s), 0 Warning(s).
Build target 'PROJECT'
assembling startup_stm32f10x_md.s...
compiling core_cm3.c...
compiling system_stm32f10x.c...
compiling misc.c...
compiling stm32f10x_adc.c...
compiling stm32f10x_bkp.c...
compiling stm32f10x_can.c...
compiling stm32f10x_cec.c...
compiling stm32f10x_crc.c...
compiling stm32f10x_dac.c...
compiling stm32f10x_dbgmcu.c...
compiling stm32f10x_dma.c...
compiling stm32f10x_exti.c...
compiling stm32f10x_flash.c...
compiling stm32f10x_fsmc.c...
compiling stm32f10x_gpio.c...
compiling stm32f10x_i2c.c...
compiling stm32f10x_iwdg.c...
compiling stm32f10x_pwr.c...
compiling stm32f10x_rcc.c...
compiling stm32f10x_rtc.c...
compiling stm32f10x_sdio.c...
compiling stm32f10x_spi.c...
compiling stm32f10x_tim.c...
compiling stm32f10x_usart.c...
compiling stm32f10x_wwdg.c...
compiling bsp.c...
compiling bsp_int.c...
compiling usart.c...
compiling sysTick.c...
..\BSP\sysTick\sysTick.c(31): warning:  #68-D: integer conversion resulted in a change of sign
..\BSP\sysTick\sysTick.c:       SysTick_NVIC_InitStructure.NVIC_IRQChannel = SysTick_IRQn;
..\BSP\sysTick\sysTick.c:                                                    ^
..\BSP\sysTick\sysTick.c: ..\BSP\sysTick\sysTick.c: 1 warning, 0 errors
compiling i2c.c...
compiling ultrasonic.c...
compiling TIM4.c...
compiling cpu_c.c...
assembling cpu_a.asm...
compiling lib_mem.c...
compiling lib_str.c...
assembling lib_mem_a.asm...
assembling os_cpu_a.asm...
compiling os_core.c...
compiling os_flag.c...
compiling os_mbox.c...
compiling os_mem.c...
compiling os_mutex.c...
compiling os_q.c...
compiling os_sem.c...
compiling os_task.c...
compiling os_time.c...
compiling os_tmr.c...
compiling os_cpu_c.c...
compiling os_dbg.c...
compiling app.c...
compiling stm32f10x_it.c...
linking...
Program Size: Code=24928 RO-data=524 RW-data=120 ZI-data=4512  
FromELF: creating hex file...
"..\Out\project.axf" - 0 Error(s), 1 Warning(s).
Build target 'PROJECT'
compiling bsp.c...
compiling bsp_int.c...
compiling usart.c...
compiling sysTick.c...
..\BSP\sysTick\sysTick.c(31): warning:  #68-D: integer conversion resulted in a change of sign
..\BSP\sysTick\sysTick.c:       SysTick_NVIC_InitStructure.NVIC_IRQChannel = SysTick_IRQn;
..\BSP\sysTick\sysTick.c:                                                    ^
..\BSP\sysTick\sysTick.c: ..\BSP\sysTick\sysTick.c: 1 warning, 0 errors
compiling i2c.c...
compiling ultrasonic.c...
compiling TIM4.c...
compiling app.c...
compiling stm32f10x_it.c...
linking...
Program Size: Code=24936 RO-data=524 RW-data=120 ZI-data=4512  
FromELF: creating hex file...
"..\Out\project.axf" - 0 Error(s), 1 Warning(s).
Build target 'PROJECT'
compiling bsp.c...
compiling bsp_int.c...
compiling usart.c...
compiling sysTick.c...
..\BSP\sysTick\sysTick.c(31): warning:  #68-D: integer conversion resulted in a change of sign
..\BSP\sysTick\sysTick.c:       SysTick_NVIC_InitStructure.NVIC_IRQChannel = SysTick_IRQn;
..\BSP\sysTick\sysTick.c:                                                    ^
..\BSP\sysTick\sysTick.c: ..\BSP\sysTick\sysTick.c: 1 warning, 0 errors
compiling i2c.c...
compiling ultrasonic.c...
compiling TIM4.c...
compiling app.c...
compiling stm32f10x_it.c...
linking...
Program Size: Code=24968 RO-data=524 RW-data=120 ZI-data=4512  
FromELF: creating hex file...
"..\Out\project.axf" - 0 Error(s), 1 Warning(s).
Build target 'PROJECT'
compiling ultrasonic.c...
linking...
Program Size: Code=24824 RO-data=524 RW-data=120 ZI-data=4512  
FromELF: creating hex file...
"..\Out\project.axf" - 0 Error(s), 0 Warning(s).
Build target 'PROJECT'
compiling bsp.c...
compiling bsp_int.c...
compiling usart.c...
compiling sysTick.c...
..\BSP\sysTick\sysTick.c(31): warning:  #68-D: integer conversion resulted in a change of sign
..\BSP\sysTick\sysTick.c:       SysTick_NVIC_InitStructure.NVIC_IRQChannel = SysTick_IRQn;
..\BSP\sysTick\sysTick.c:                                                    ^
..\BSP\sysTick\sysTick.c: ..\BSP\sysTick\sysTick.c: 1 warning, 0 errors
compiling i2c.c...
compiling ultrasonic.c...
compiling TIM4.c...
compiling app.c...
compiling stm32f10x_it.c...
linking...
Program Size: Code=22004 RO-data=524 RW-data=120 ZI-data=4512  
FromELF: creating hex file...
"..\Out\project.axf" - 0 Error(s), 1 Warning(s).
Build target 'PROJECT'
compiling ultrasonic.c...
compiling stm32f10x_it.c...
linking...
Program Size: Code=21880 RO-data=524 RW-data=120 ZI-data=4512  
FromELF: creating hex file...
"..\Out\project.axf" - 0 Error(s), 0 Warning(s).
